<?xml version="1.0" encoding="UTF-8"?>
<testsuite name="com.racktrack.domain.MatchEngineTest" tests="6" skipped="0" failures="0" errors="0" timestamp="2026-08-06T18:57:21.148Z" hostname="cursor" time="0.041">
  <properties/>
  <testcase name="given a foul, when recorded, then foul count increases without awarding a rack()" classname="com.racktrack.domain.MatchEngineTest" time="0.02"/>
  <testcase name="given a foul, when undo, then foul count is restored()" classname="com.racktrack.domain.MatchEngineTest" time="0.002"/>
  <testcase name="given player1 at 5 in race to 6, when plus one, then match is completed()" classname="com.racktrack.domain.MatchEngineTest" time="0.001"/>
  <testcase name="given a new match, when plus one for player1, then score is 1 and break swaps()" classname="com.racktrack.domain.MatchEngineTest" time="0.002"/>
  <testcase name="given a new match, when run out for player2, then score is tagged as run out()" classname="com.racktrack.domain.MatchEngineTest" time="0.001"/>
  <testcase name="given a plus one, when undo, then score and breaker are restored()" classname="com.racktrack.domain.MatchEngineTest" time="0.0"/>
  <system-out><![CDATA[]]></system-out>
  <system-err><![CDATA[]]></system-err>
</testsuite>
